<?xml version="1.0" encoding="UTF-8"?>
<!-- Generated by org.testng.reporters.JUnitReportReporter -->
<testsuite hostname="QA_Alok-PC-83" name="test.aLOK" tests="1" failures="0" timestamp="22 Apr 2019 14:37:13 GMT" time="0.000" errors="0">
  <testcase name="test" time="0.000" classname="test.aLOK"/>
</testsuite> <!-- test.aLOK -->
