<?xml version="1.0" encoding="UTF-8"?>
<!-- Generated by org.testng.reporters.JUnitReportReporter -->
<testsuite skipped="0" hostname="QA_Alok-PC-83" name="demo.test1" tests="1" failures="0" timestamp="06 Jul 2018 12:52:35 GMT" time="80.888" errors="0">
  <testcase name="testLogin" time="80.888" classname="demo.test1"/>
</testsuite> <!-- demo.test1 -->
