<?xml version="1.0" encoding="UTF-8"?>
<!-- Generated by org.testng.reporters.JUnitReportReporter -->
<testsuite skipped="0" hostname="QA_Alok-PC-83" name="demo.xlsxdata" tests="12" failures="0" timestamp="23 Jan 2019 14:23:07 GMT" time="5.296" errors="0">
  <testcase name="testMethod" time="0.672" classname="demo.xlsxdata"/>
  <testcase name="testMethod" time="0.420" classname="demo.xlsxdata"/>
  <testcase name="testMethod" time="0.432" classname="demo.xlsxdata"/>
  <testcase name="testMethod" time="0.452" classname="demo.xlsxdata"/>
  <testcase name="testMethod" time="0.427" classname="demo.xlsxdata"/>
  <testcase name="testMethod" time="0.392" classname="demo.xlsxdata"/>
  <testcase name="testMethod" time="0.390" classname="demo.xlsxdata"/>
  <testcase name="testMethod" time="0.380" classname="demo.xlsxdata"/>
  <testcase name="testMethod" time="0.468" classname="demo.xlsxdata"/>
  <testcase name="testMethod" time="0.422" classname="demo.xlsxdata"/>
  <testcase name="testMethod" time="0.410" classname="demo.xlsxdata"/>
  <testcase name="testMethod" time="0.431" classname="demo.xlsxdata"/>
</testsuite> <!-- demo.xlsxdata -->
