<?xml version="1.0" encoding="UTF-8"?>
<!-- Generated by org.testng.reporters.JUnitReportReporter -->
<testsuite skipped="0" hostname="QA_Alok-PC-83" name="demo.test2" tests="12" failures="0" timestamp="16 Jul 2018 12:41:42 GMT" time="5.033" errors="0">
  <testcase name="testMethod" time="0.427" classname="demo.test2"/>
  <testcase name="testMethod" time="0.425" classname="demo.test2"/>
  <testcase name="testMethod" time="0.426" classname="demo.test2"/>
  <testcase name="testMethod" time="0.380" classname="demo.test2"/>
  <testcase name="testMethod" time="0.442" classname="demo.test2"/>
  <testcase name="testMethod" time="0.398" classname="demo.test2"/>
  <testcase name="testMethod" time="0.440" classname="demo.test2"/>
  <testcase name="testMethod" time="0.472" classname="demo.test2"/>
  <testcase name="testMethod" time="0.439" classname="demo.test2"/>
  <testcase name="testMethod" time="0.387" classname="demo.test2"/>
  <testcase name="testMethod" time="0.405" classname="demo.test2"/>
  <testcase name="testMethod" time="0.392" classname="demo.test2"/>
</testsuite> <!-- demo.test2 -->
