<?xml version="1.0" encoding="UTF-8"?>
<!-- Generated by org.testng.reporters.JUnitReportReporter -->
<testsuite skipped="0" hostname="QA_Alok-PC-83" name="TestCase.Executescript" tests="1" failures="0" timestamp="29 Jun 2018 11:39:03 GMT" time="41.617" errors="0">
  <testcase name="testLogin" time="41.617" classname="TestCase.Executescript"/>
</testsuite> <!-- TestCase.Executescript -->
